In clock cycle: 1
Register Write to Reg: 0x01 Val: 0x00000123
In clock cycle: 3
Register Write to Reg: 0x02 Val: 0x00000301
In clock cycle: 4
Register Write to Reg: 0x03 Val: 0x00000424
In clock cycle: 5
Register Write to Reg: 0x04 Val: 0x00000424
In clock cycle: 7
Register Write to Reg: 0x02 Val: 0x00000424
In clock cycle: 9
Register Write to Reg: 0x01 Val: 0x00000424
In clock cycle: 10
Register Write to Reg: 0x05 Val: 0x00000848
In clock cycle: 11
Register Write to Reg: 0x06 Val: 0x00000848
In clock cycle: 12
Register Write to Reg: 0x01 Val: 0x00000001
In clock cycle: 13
Register Write to Reg: 0x02 Val: 0x00000001
In clock cycle: 14
Register Write to Reg: 0x01 Val: 0x00000425
In clock cycle: 15
Register Write to Reg: 0x01 Val: 0x00000002
In clock cycle: 16
Register Write to Reg: 0x02 Val: 0x00000002
In clock cycle: 17
Register Write to Reg: 0x01 Val: 0x00000426
In clock cycle: 18
Register Write to Reg: 0x01 Val: 0x00000004
In clock cycle: 19
Register Write to Reg: 0x02 Val: 0x00000004
In clock cycle: 20
Register Write to Reg: 0x01 Val: 0x00000428
In clock cycle: 21
Register Write to Reg: 0x01 Val: 0x00000008
In clock cycle: 22
Register Write to Reg: 0x02 Val: 0x00000008
In clock cycle: 23
Register Write to Reg: 0x01 Val: 0x0000042C
In clock cycle: 24
Register Write to Reg: 0x01 Val: 0x00000010
In clock cycle: 25
Register Write to Reg: 0x02 Val: 0x00000010
In clock cycle: 26
Register Write to Reg: 0x01 Val: 0x00000434
In clock cycle: 27
Register Write to Reg: 0x01 Val: 0x00000020
In clock cycle: 28
Register Write to Reg: 0x02 Val: 0x00000020
In clock cycle: 29
Register Write to Reg: 0x01 Val: 0x00000444
In clock cycle: 30
Register Write to Reg: 0x01 Val: 0x00000040
In clock cycle: 31
Register Write to Reg: 0x02 Val: 0x00000040
In clock cycle: 32
Register Write to Reg: 0x01 Val: 0x00000464
In clock cycle: 33
Register Write to Reg: 0x01 Val: 0x00000080
In clock cycle: 34
Register Write to Reg: 0x02 Val: 0x00000080
In clock cycle: 35
Register Write to Reg: 0x01 Val: 0x000004A4
In clock cycle: 36
Register Write to Reg: 0x01 Val: 0x00000100
In clock cycle: 37
Register Write to Reg: 0x02 Val: 0x00000100
In clock cycle: 38
Register Write to Reg: 0x01 Val: 0x00000524
In clock cycle: 39
Register Write to Reg: 0x01 Val: 0x00000200
In clock cycle: 40
Register Write to Reg: 0x02 Val: 0x00000200
In clock cycle: 41
Register Write to Reg: 0x01 Val: 0x00000624
In clock cycle: 42
Register Write to Reg: 0x01 Val: 0x00000400
In clock cycle: 43
Register Write to Reg: 0x02 Val: 0x00000400
In clock cycle: 44
Register Write to Reg: 0x01 Val: 0x00000824
In clock cycle: 46
Register Write to Reg: 0x01 Val: 0x00000823
In clock cycle: 48
Register Write to Reg: 0x02 Val: 0x000003FF
In clock cycle: 49
Register Write to Reg: 0x01 Val: 0x00000823
In clock cycle: 52
Register Write to Reg: 0x03 Val: 0x00000C22
In clock cycle: 55
Register Write to Reg: 0x03 Val: 0x00000C22
In clock cycle: 58
Register Write to Reg: 0x03 Val: 0x00000C22
In clock cycle: 61
Register Write to Reg: 0x03 Val: 0x00000C22
In clock cycle: 64
Register Write to Reg: 0x03 Val: 0x00000C22
In clock cycle: 67
Register Write to Reg: 0x03 Val: 0x00000C22
In clock cycle: 70
Register Write to Reg: 0x03 Val: 0x00000C22
In clock cycle: 73
Register Write to Reg: 0x03 Val: 0x00000C22
In clock cycle: 76
Register Write to Reg: 0x03 Val: 0x00000C22
In clock cycle: 79
Register Write to Reg: 0x03 Val: 0x00000C22
In clock cycle: 82
Register Write to Reg: 0x03 Val: 0x00000C22
In clock cycle: 85
Register Write to Reg: 0x03 Val: 0x00000C22
In clock cycle: 88
Register Write to Reg: 0x03 Val: 0x00000C22
In clock cycle: 91
Register Write to Reg: 0x03 Val: 0x00000C22
In clock cycle: 94
Register Write to Reg: 0x03 Val: 0x00000C22
In clock cycle: 97
Register Write to Reg: 0x03 Val: 0x00000C22
Execution is stopping! Clock Cycle: 98
