BEGIN 2:1:structure:riscv_processor:work
<<<<<<< HEAD
    s_DMemAddr :  2:1:mixed:tb:work

    s_RegWr :  2:1:mixed:tb:work

    s_RegWrData :  2:1:mixed:tb:work

    s_Ovfl :  2:1:mixed:tb:work

=======
>>>>>>> top-level-integration
    s_DMemWr :  2:1:mixed:tb:work

    s_DMemData :  2:1:mixed:tb:work

    s_RegWrAddr :  2:1:mixed:tb:work

    s_Halt :  2:1:mixed:tb:work

<<<<<<< HEAD
=======
    s_DMemAddr :  2:1:mixed:tb:work

    s_RegWr :  2:1:mixed:tb:work

    s_RegWrData :  2:1:mixed:tb:work

    s_Ovfl :  2:1:mixed:tb:work

>>>>>>> top-level-integration
END 
