[inst #1] addi x1,x0,17
Register Write to Reg: 0x01 Val: 0x00000011
[inst #2] addi x2,x0,936
Register Write to Reg: 0x02 Val: 0x000003A8
[inst #3] add x3,x1,x2
Register Write to Reg: 0x03 Val: 0x000003B9
[inst #4] addi x4,x0,-5
Register Write to Reg: 0x04 Val: 0xFFFFFFFB
[inst #5] addi x5,x0,37
Register Write to Reg: 0x05 Val: 0x00000025
[inst #6] add x6,x4,x5
Register Write to Reg: 0x06 Val: 0x00000020
[inst #7] addi x7,x0,194
Register Write to Reg: 0x07 Val: 0x000000C2
[inst #8] addi x8,x0,-26
Register Write to Reg: 0x08 Val: 0xFFFFFFE6
[inst #9] add x9,x7,x8
Register Write to Reg: 0x09 Val: 0x000000A8
[inst #10] addi x7,x0,-278
Register Write to Reg: 0x07 Val: 0xFFFFFEEA
[inst #11] addi x8,x0,59
Register Write to Reg: 0x08 Val: 0x0000003B
[inst #12] add x9,x7,x8
Register Write to Reg: 0x09 Val: 0xFFFFFF25
[inst #13] addi x7,x0,284
Register Write to Reg: 0x07 Val: 0x0000011C
[inst #14] addi x8,x0,-962
Register Write to Reg: 0x08 Val: 0xFFFFFC3E
[inst #15] add x9,x7,x8
Register Write to Reg: 0x09 Val: 0xFFFFFD5A
[inst #16] addi x10,x0,-26
Register Write to Reg: 0x0A Val: 0xFFFFFFE6
[inst #17] addi x11,x0,-92
Register Write to Reg: 0x0B Val: 0xFFFFFFA4
[inst #18] add x12,x11,x10
Register Write to Reg: 0x0C Val: 0xFFFFFF8A
[inst #19] lui x12,524288
Register Write to Reg: 0x0C Val: 0x80000000
[inst #20] lui x13,524288
Register Write to Reg: 0x0D Val: 0x80000000
[inst #21] add x14,x13,x12
Register Write to Reg: 0x0E Val: 0x00000000
[inst #22] lui x15,524288
Register Write to Reg: 0x0F Val: 0x80000000
[inst #23] lui x16,524288
Register Write to Reg: 0x10 Val: 0x80000000
[inst #24] addi x15,x15,-1
Register Write to Reg: 0x0F Val: 0x7FFFFFFF
[inst #25] addi x16,x16,-1
Register Write to Reg: 0x10 Val: 0x7FFFFFFF
[inst #26] add x17,x15,x16
Register Write to Reg: 0x11 Val: 0xFFFFFFFE
[inst #27] wfi 

Program terminated by dropping off the bottom.
