Reading pref.tcl

# 2025.1_2

# vsim -postsimdataflow -debugdb -c -voptargs=""+acc"" tb -do "modelsim_framework.do" -gOUTPUT_TRACE=ms.trace 
# Start time: 10:59:57 on Mar 27,2026
# ** Note: (vsim-3812) Design is being optimized...
# ** Note: (vsim-8611) Generating debug db.
# ** Warning: (vopt-10587) Some optimizations are turned off because the +acc switch is in effect. This will cause your simulation to run slowly. Please use -access/-debug to maintain needed visibility. The +acc switch would be deprecated in a future release.
# ** Warning: ../../proj/src/ALU/proj01_branchWrap.vhd(102): (vopt-3473) Component instance "INST_MUX_4t1 : mux4t1" is not bound.
#         Region: /tb/MyRiscv/ALU0/INST_BRANCH_WRAPPER
# ** Note: (vopt-4301) Memory core inferred for signal 'ram' width=32, depth=1024, type=RAM at location proj/src/TopLevel/mem.vhd:35
# ** Note: (vsim-12126) Error and warning message counts have been restored: Errors=0, Warnings=2.
# //  Questa Sim-64
# //  Version 2025.1_2 linux_x86_64 Apr  7 2025
# //
# // Unpublished work. Copyright 2025 Siemens
# //
# // This material contains trade secrets or otherwise confidential information
# // owned by Siemens Industry Software Inc. or its affiliates (collectively,
# // "SISW"), or its licensors. Access to and use of this information is strictly
# // limited as set forth in the Customer's applicable agreements with SISW.
# //
# // This material may not be copied, distributed, or otherwise disclosed outside
# // of the Customer's facilities without the express written permission of SISW,
# // and may not be used in any way not expressly authorized by SISW.
# //
# Loading std.standard
# Loading std.textio(body)
# Loading ieee.std_logic_1164(body)
# Loading ieee.std_logic_textio(body)
# Loading std.env(body)
# Loading work.tb(mixed)#1
# Loading work.riscv_types(body)
# Loading work.riscv_processor(structure)#1
# Loading ieee.numeric_std(body)
# Loading work.mem(rtl)#1
# Loading work.proj1_fetch(structural)#1
# Loading work.busmux_2t1(dataflow)#1
# Loading work.reg_n(structural)#1
# Loading work.dffg(mixed)#1
# Loading work.basic_adder_n(structural)#1
# Loading work.basic_adder(structural)#1
# Loading work.andg2(dataflow)#1
# Loading work.xorg2(dataflow)#1
# Loading work.org2(dataflow)#1
# Loading work.ctrl_decoder(dataflow)#1
# Loading work.mux_32t1_package
# Loading work.reg_file(structural)#1
# Loading work.decoder_5t32(mixed)#1
# Loading work.mux_32t1(dataflow)#1
# Loading work.imm_gen(dataflow)#1
# Loading work.mux2t1_n(structural)#1
# Loading work.mux2t1(structural)#1
# Loading work.invg(dataflow)#1
# Loading work.proj01_alu(structural)#1
# Loading work.and_alu(structural)#1
# Loading work.and_n(structural)#1
# Loading work.xor_alu(structural)#1
# Loading work.xor_n(structural)#1
# Loading work.or_alu(structural)#1
# Loading work.or_n(structural)#1
# Loading work.ones_comp_n(structural)#1
# Loading work.shifter(structural)#1
# Loading work.addsub_branch(structural)#1
# Loading work.basic_adder_n_branch(structural)#1
# Loading work.proj01_slt(structural)#1
# Loading work.busmux_8t1(structural)#1
# Loading work.busmux_4t1(structural)#1
# Loading work.proj01_branchwrap(structural)#1
# Loading work.proj01_beq(structural)#1
# Loading work.and_n(structural)#2
# Loading work.and_n(structural)#3
# Loading work.and_n(structural)#4
# Loading work.and_n(structural)#5
# ** Warning: (vsim-3473) Component instance "INST_MUX_4t1 : mux4t1" is not bound.
#    Time: 0 ns  Iteration: 0  Instance: /tb/MyRiscv/ALU0/INST_BRANCH_WRAPPER File: /home/jrd81/CPRE_381_proj01/CPRE_381_proj01/cpre3810-toolflow/proj/src/ALU/proj01_branchWrap.vhd
# Loading work.proj01_load(structural)#1
# ** Warning: (vsim-8684) No drivers exist on out port /tb/MyRiscv/ALU0/INST_BRANCH_WRAPPER/o_out, and its initial value is not used.
# Therefore, simulation behavior may occur that is not in compliance with
# the VHDL standard as the initial values come from the base signal /tb/MyRiscv/ALU0/o_branchOut.
# ** Note: (vsim-8900) Creating design debug database vsim.dbg.
# do modelsim_framework.do
# ** Warning: NUMERIC_STD.TO_INTEGER: metavalue detected, returning 0
#    Time: 0 ns  Iteration: 0  Instance: /tb/MyRiscv/DMem
# ** Warning: NUMERIC_STD.TO_INTEGER: metavalue detected, returning 0
#    Time: 0 ns  Iteration: 0  Instance: /tb/MyRiscv/IMem
# ** Warning: NUMERIC_STD.TO_INTEGER: metavalue detected, returning 0
#    Time: 0 ns  Iteration: 5  Instance: /tb/MyRiscv/DMem
# ** Note: Data structure takes 56588048 bytes of memory
#          Process time 0.08 seconds
#          stop
#    Time: 120 ns  Iteration: 1  Instance: /tb
# Break in Process P_DUMP_STATE at /home/jrd81/CPRE_381_proj01/CPRE_381_proj01/cpre3810-toolflow/internal/testpy/tb.vhd line 150
# Stopped at /home/jrd81/CPRE_381_proj01/CPRE_381_proj01/cpre3810-toolflow/internal/testpy/tb.vhd line 150
# End time: 10:59:58 on Mar 27,2026, Elapsed time: 0:00:01
# Errors: 0, Warnings: 7
