[inst #1] lui x1,65552
Register Write to Reg: 0x01 Val: 0x10010000
[inst #2] addi x1,x1,0
Register Write to Reg: 0x01 Val: 0x10010000
[inst #3] addi x1,x1,1
Register Write to Reg: 0x01 Val: 0x10010001
[inst #4] addi x5,x0,-1
Register Write to Reg: 0x05 Val: 0xFFFFFFFF
[inst #5] addi x6,x0,-1
Register Write to Reg: 0x06 Val: 0xFFFFFFFF
[inst #6] addi x7,x0,-1
Register Write to Reg: 0x07 Val: 0xFFFFFFFF
[inst #7] addi x8,x0,-1
Register Write to Reg: 0x08 Val: 0xFFFFFFFF
[inst #8] lbu x5,-1(x1)
Register Write to Reg: 0x05 Val: 0x000000AA
[inst #9] lbu x6,0(x1)
Register Write to Reg: 0x06 Val: 0x000000BB
[inst #10] lbu x7,1(x1)
Register Write to Reg: 0x07 Val: 0x000000CC
[inst #11] lbu x8,2(x1)
Register Write to Reg: 0x08 Val: 0x000000DD
[inst #12] wfi 

Program terminated by dropping off the bottom.
