Reading pref.tcl

# 2025.1_2

# vsim -postsimdataflow -debugdb -c -voptargs=""+acc"" tb -do "modelsim_framework.do" -gOUTPUT_TRACE=ms.trace 
<<<<<<< HEAD
# Start time: 12:18:42 on Mar 26,2026
=======
# Start time: 20:42:54 on Mar 21,2026
>>>>>>> top-level-integration
# ** Note: (vsim-3812) Design is being optimized...
# ** Note: (vsim-8611) Generating debug db.
# ** Warning: (vopt-10587) Some optimizations are turned off because the +acc switch is in effect. This will cause your simulation to run slowly. Please use -access/-debug to maintain needed visibility. The +acc switch would be deprecated in a future release.
# ** Note: (vopt-4301) Memory core inferred for signal 'ram' width=32, depth=1024, type=RAM at location proj/src/TopLevel/mem.vhd:35
# ** Note: (vsim-12126) Error and warning message counts have been restored: Errors=0, Warnings=1.
# //  Questa Sim-64
# //  Version 2025.1_2 linux_x86_64 Apr  7 2025
# //
# // Unpublished work. Copyright 2025 Siemens
# //
# // This material contains trade secrets or otherwise confidential information
# // owned by Siemens Industry Software Inc. or its affiliates (collectively,
# // "SISW"), or its licensors. Access to and use of this information is strictly
# // limited as set forth in the Customer's applicable agreements with SISW.
# //
# // This material may not be copied, distributed, or otherwise disclosed outside
# // of the Customer's facilities without the express written permission of SISW,
# // and may not be used in any way not expressly authorized by SISW.
# //
# Loading std.standard
# Loading std.textio(body)
# Loading ieee.std_logic_1164(body)
# Loading ieee.std_logic_textio(body)
# Loading std.env(body)
# Loading work.tb(mixed)#1
# Loading work.riscv_types(body)
# Loading work.riscv_processor(structure)#1
# Loading ieee.numeric_std(body)
# Loading work.mem(rtl)#1
# Loading work.proj1_fetch(structural)#1
# Loading work.busmux_2t1(dataflow)#1
# Loading work.reg_n(structural)#1
# Loading work.dffg(mixed)#1
# Loading work.basic_adder_n(structural)#1
# Loading work.basic_adder(structural)#1
# Loading work.andg2(dataflow)#1
# Loading work.xorg2(dataflow)#1
# Loading work.org2(dataflow)#1
# Loading work.ctrl_decoder(dataflow)#1
# Loading work.mux_32t1_package
# Loading work.reg_file(structural)#1
# Loading work.decoder_5t32(mixed)#1
# Loading work.mux_32t1(dataflow)#1
# Loading work.extenders(dataflow)#1
# Loading work.mux2t1_n(structural)#1
# Loading work.mux2t1(structural)#1
# Loading work.invg(dataflow)#1
<<<<<<< HEAD
# Loading work.addsub(structural)#1
# Loading work.ones_comp_n(structural)#1
=======
# Loading work.proj01_alu(structural)#1
# Loading work.and_alu(structural)#1
# Loading work.and_n(structural)#1
# Loading work.xor_alu(structural)#1
# Loading work.xor_n(structural)#1
# Loading work.or_alu(structural)#1
# Loading work.or_n(structural)#1
# Loading work.shifter(structural)#1
# Loading work.addsub(structural)#1
# Loading work.ones_comp_n(structural)#1
# Loading work.busmux_4t1(structural)#1
# Loading work.busmux_4t1(structural)#2
>>>>>>> top-level-integration
# ** Note: (vsim-8900) Creating design debug database vsim.dbg.
# do modelsim_framework.do
# ** Warning: NUMERIC_STD.TO_INTEGER: metavalue detected, returning 0
#    Time: 0 ns  Iteration: 0  Instance: /tb/MyRiscv/DMem
# ** Warning: NUMERIC_STD.TO_INTEGER: metavalue detected, returning 0
#    Time: 0 ns  Iteration: 0  Instance: /tb/MyRiscv/IMem
<<<<<<< HEAD
# ** Note: Data structure takes 54884088 bytes of memory
#          Process time 0.09 seconds
=======
# ** Note: Data structure takes 56194832 bytes of memory
#          Process time 0.08 seconds
>>>>>>> top-level-integration
#          stop
#    Time: 120 ns  Iteration: 1  Instance: /tb
# Break in Process P_DUMP_STATE at /home/jrd81/CPRE_381_proj01/CPRE_381_proj01/cpre3810-toolflow/internal/testpy/tb.vhd line 150
# Stopped at /home/jrd81/CPRE_381_proj01/CPRE_381_proj01/cpre3810-toolflow/internal/testpy/tb.vhd line 150
<<<<<<< HEAD
# End time: 12:18:43 on Mar 26,2026, Elapsed time: 0:00:01
=======
# End time: 20:42:55 on Mar 21,2026, Elapsed time: 0:00:01
>>>>>>> top-level-integration
# Errors: 0, Warnings: 3
