Reading pref.tcl

# 2025.1_2

# vsim -postsimdataflow -debugdb -c -voptargs=""+acc"" tb -do "modelsim_framework.do" -gOUTPUT_TRACE=ms.trace 
# Start time: 20:12:38 on Apr 01,2026
# ** Note: (vsim-8009) Loading existing optimized design _opt
# //  Questa Sim-64
# //  Version 2025.1_2 linux_x86_64 Apr  7 2025
# //
# // Unpublished work. Copyright 2025 Siemens
# //
# // This material contains trade secrets or otherwise confidential information
# // owned by Siemens Industry Software Inc. or its affiliates (collectively,
# // "SISW"), or its licensors. Access to and use of this information is strictly
# // limited as set forth in the Customer's applicable agreements with SISW.
# //
# // This material may not be copied, distributed, or otherwise disclosed outside
# // of the Customer's facilities without the express written permission of SISW,
# // and may not be used in any way not expressly authorized by SISW.
# //
# Loading std.standard
# Loading std.textio(body)
# Loading ieee.std_logic_1164(body)
# Loading ieee.std_logic_textio(body)
# Loading std.env(body)
# Loading work.tb(mixed)#1
# Loading work.riscv_types(body)
# Loading work.riscv_processor(structure)#1
# Loading ieee.numeric_std(body)
# Loading work.mem(rtl)#1
# Loading work.proj1_fetch(structural)#1
# Loading work.busmux_2t1(dataflow)#1
# Loading work.reg_n(structural)#1
# Loading work.dffg(mixed)#1
# Loading work.basic_adder_n(structural)#1
# Loading work.basic_adder(structural)#1
# Loading work.andg2(dataflow)#1
# Loading work.xorg2(dataflow)#1
# Loading work.org2(dataflow)#1
# Loading work.ctrl_decoder(dataflow)#1
# Loading work.mux_32t1_package
# Loading work.reg_file(structural)#1
# Loading work.decoder_5t32(mixed)#1
# Loading work.mux_32t1(dataflow)#1
# Loading work.imm_gen(dataflow)#1
# Loading work.addsub(structural)#1
# Loading work.ones_comp_n(structural)#1
# Loading work.invg(dataflow)#1
# Loading work.mux2t1_n(structural)#1
# Loading work.mux2t1(structural)#1
# Loading work.proj01_alu(structural)#1
# Loading work.and_alu(structural)#1
# Loading work.and_n(structural)#1
# Loading work.xor_alu(structural)#1
# Loading work.xor_n(structural)#1
# Loading work.or_alu(structural)#1
# Loading work.or_n(structural)#1
# Loading work.shifter(structural)#1
# Loading work.addsub_branch(structural)#1
# Loading work.basic_adder_n_branch(structural)#1
# Loading work.proj01_slt(structural)#1
# Loading work.busmux_8t1(structural)#1
# Loading work.busmux_4t1(structural)#1
# Loading work.proj01_branchwrap(structural)#1
# Loading work.proj01_beq(structural)#1
# Loading work.and_n(structural)#2
# Loading work.and_n(structural)#3
# Loading work.and_n(structural)#4
# Loading work.and_n(structural)#5
# Loading work.mux4t1(structural)#1
# Loading work.proj01_load(structural)#1
# ** Note: (vsim-8716) Reusing existing debug database vsim.dbg.
# do modelsim_framework.do
# ** Warning: NUMERIC_STD.TO_INTEGER: metavalue detected, returning 0
#    Time: 0 ns  Iteration: 0  Instance: /tb/MyRiscv/DMem
# ** Warning: NUMERIC_STD.TO_INTEGER: metavalue detected, returning 0
#    Time: 0 ns  Iteration: 0  Instance: /tb/MyRiscv/IMem
# ** Warning: NUMERIC_STD.TO_INTEGER: metavalue detected, returning 0
#    Time: 0 ns  Iteration: 7  Instance: /tb/MyRiscv/DMem
# ** Warning: NUMERIC_STD.TO_INTEGER: metavalue detected, returning 0
#    Time: 0 ns  Iteration: 9  Instance: /tb/MyRiscv/DMem
# ** Note: Data structure takes 58685296 bytes of memory
#          Process time 0.08 seconds
#          stop
#    Time: 180 ns  Iteration: 1  Instance: /tb
# Break in Process P_DUMP_STATE at /home/jrd81/CPRE_381_proj01/CPRE_381_proj01/cpre3810-toolflow/internal/testpy/tb.vhd line 150
# Stopped at /home/jrd81/CPRE_381_proj01/CPRE_381_proj01/cpre3810-toolflow/internal/testpy/tb.vhd line 150
# End time: 20:12:38 on Apr 01,2026, Elapsed time: 0:00:00
# Errors: 0, Warnings: 4
