QuestaSim-64 vcom 2025.1_2 Compiler 2025.04 Apr  7 2025
Start time: 11:27:43 on Mar 13,2026
vcom -2008 -work internal/ModelSimContainer/work proj/src/RISCV_types.vhd internal/testpy/tb.vhd proj/src/RISCV_types.vhd proj/src/TopLevel/mem.vhd proj/src/TopLevel/RISCV_Processor.vhd proj/src/LogicGates/org2.vhd proj/src/LogicGates/andg2.vhd proj/src/LogicGates/mux2t1_N.vhd proj/src/LogicGates/mux2t1.vhd proj/src/LogicGates/xorg2.vhd proj/src/LogicGates/invg.vhd proj/src/Fetch/proj1_fetch.vhd proj/src/Fetch/basic_adder.vhd proj/src/Fetch/basic_adder_n.vhd proj/src/Fetch/busMux_2t1.vhd proj/src/Extenders/extenders.vhd proj/src/Control/ctrl_decoder.vhd proj/src/ALU/addSub.vhd proj/src/ALU/ones_comp_N.vhd proj/src/Datapath/MySecondDataPath.vhd proj/src/Datapath/Lab2_DataPath1 _for2.vhd proj/src/RegisterFile/mux_32t1_package.vhd proj/src/RegisterFile/dffg.vhd proj/src/RegisterFile/decoder_5t32.vhd proj/src/RegisterFile/reg_n.vhd proj/src/RegisterFile/mux_32t1.vhd proj/src/RegisterFile/reg_file.vhd 
-- Loading package STANDARD
-- Loading package TEXTIO
-- Loading package std_logic_1164
-- Compiling package RISCV_types
-- Compiling package body RISCV_types
-- Loading package RISCV_types
-- Loading package std_logic_textio
-- Loading package ENV
-- Compiling entity tb
-- Compiling architecture mixed of tb
** Warning: proj/src/RISCV_types.vhd(15): (vcom-1615) Existing package 'RISCV_types' at line 18 will be overwritten.
-- Compiling package RISCV_types
** Warning: proj/src/RISCV_types.vhd(60): (vcom-1615) Existing package body 'RISCV_types(body)' at line 60 will be overwritten.
-- Compiling package body RISCV_types
-- Loading package RISCV_types
-- Loading package NUMERIC_STD
-- Compiling entity mem
-- Compiling architecture rtl of mem
-- Loading package RISCV_types
-- Compiling entity RISCV_Processor
-- Compiling architecture structure of RISCV_Processor
** Error: proj/src/TopLevel/RISCV_Processor.vhd(220): Enumeration literal '1' is not of type ieee.std_logic_1164.STD_LOGIC_VECTOR.
** Error: proj/src/TopLevel/RISCV_Processor.vhd(220): Enumeration literal '0' is not of type ieee.std_logic_1164.STD_LOGIC_VECTOR.
** Error: proj/src/TopLevel/RISCV_Processor.vhd(322): Signal "ADD_SUBsel" is type ieee.std_logic_1164.STD_LOGIC_VECTOR; expecting type ieee.std_logic_1164.STD_LOGIC.
** Note: proj/src/TopLevel/RISCV_Processor.vhd(328): VHDL Compiler exiting
End time: 11:27:43 on Mar 13,2026, Elapsed time: 0:00:00
Errors: 3, Warnings: 2
