In clock cycle: 1
Register Write to Reg: 0x02 Val: 0x00000001
In clock cycle: 3
Register Write to Reg: 0x02 Val: 0x00000004
In clock cycle: 4
Register Write to Reg: 0x03 Val: 0x00000002
In clock cycle: 6
Register Write to Reg: 0x03 Val: 0x00000080
In clock cycle: 7
Register Write to Reg: 0x04 Val: 0x00000003
In clock cycle: 9
Register Write to Reg: 0x04 Val: 0x000000FC
In clock cycle: 10
Register Write to Reg: 0x05 Val: 0x00000004
In clock cycle: 12
Register Write to Reg: 0x05 Val: 0x00000178
In clock cycle: 13
Register Write to Reg: 0x06 Val: 0x00000005
In clock cycle: 15
Register Write to Reg: 0x06 Val: 0x000001F4
In clock cycle: 16
Register Write to Reg: 0x07 Val: 0x00000006
In clock cycle: 18
Register Write to Reg: 0x07 Val: 0x00000270
In clock cycle: 19
Register Write to Reg: 0x08 Val: 0x00000007
In clock cycle: 21
Register Write to Reg: 0x08 Val: 0x000002EC
In clock cycle: 22
Register Write to Reg: 0x09 Val: 0x00000008
In clock cycle: 24
Register Write to Reg: 0x09 Val: 0x00000368
In clock cycle: 25
Register Write to Reg: 0x0A Val: 0x00000009
In clock cycle: 27
Register Write to Reg: 0x0A Val: 0x000003E4
In clock cycle: 28
Register Write to Reg: 0x0B Val: 0x0000000A
In clock cycle: 30
Register Write to Reg: 0x0B Val: 0x00000460
In clock cycle: 31
Register Write to Reg: 0x0C Val: 0x0000000B
In clock cycle: 33
Register Write to Reg: 0x0C Val: 0x000004DC
In clock cycle: 34
Register Write to Reg: 0x0D Val: 0x0000000C
In clock cycle: 36
Register Write to Reg: 0x0D Val: 0x00000558
In clock cycle: 37
Register Write to Reg: 0x0E Val: 0x0000000D
In clock cycle: 39
Register Write to Reg: 0x0E Val: 0x000005D4
In clock cycle: 40
Register Write to Reg: 0x0F Val: 0x0000000E
In clock cycle: 42
Register Write to Reg: 0x0F Val: 0x00000650
In clock cycle: 43
Register Write to Reg: 0x10 Val: 0x0000000F
In clock cycle: 45
Register Write to Reg: 0x10 Val: 0x000006CC
In clock cycle: 46
Register Write to Reg: 0x11 Val: 0x00000010
In clock cycle: 48
Register Write to Reg: 0x11 Val: 0x00000748
In clock cycle: 49
Register Write to Reg: 0x12 Val: 0x00000011
In clock cycle: 51
Register Write to Reg: 0x12 Val: 0x000007C4
In clock cycle: 52
Register Write to Reg: 0x13 Val: 0x00000012
In clock cycle: 54
Register Write to Reg: 0x13 Val: 0x00000840
In clock cycle: 55
Register Write to Reg: 0x14 Val: 0x00000013
In clock cycle: 57
Register Write to Reg: 0x14 Val: 0x000008BC
In clock cycle: 58
Register Write to Reg: 0x15 Val: 0x00000014
In clock cycle: 60
Register Write to Reg: 0x15 Val: 0x00000938
In clock cycle: 61
Register Write to Reg: 0x16 Val: 0x00000015
In clock cycle: 63
Register Write to Reg: 0x16 Val: 0x000009B4
In clock cycle: 64
Register Write to Reg: 0x17 Val: 0x00000016
In clock cycle: 66
Register Write to Reg: 0x17 Val: 0x00000A30
In clock cycle: 67
Register Write to Reg: 0x18 Val: 0x00000017
In clock cycle: 69
Register Write to Reg: 0x18 Val: 0x00000AAC
In clock cycle: 70
Register Write to Reg: 0x19 Val: 0x00000018
In clock cycle: 72
Register Write to Reg: 0x19 Val: 0x00000B28
In clock cycle: 73
Register Write to Reg: 0x1A Val: 0x00000019
In clock cycle: 75
Register Write to Reg: 0x1A Val: 0x00000BA4
In clock cycle: 76
Register Write to Reg: 0x1B Val: 0x0000001A
In clock cycle: 78
Register Write to Reg: 0x1B Val: 0x00000C20
In clock cycle: 79
Register Write to Reg: 0x1C Val: 0x0000001B
In clock cycle: 81
Register Write to Reg: 0x1C Val: 0x00000C9C
In clock cycle: 82
Register Write to Reg: 0x1D Val: 0x0000001C
In clock cycle: 84
Register Write to Reg: 0x1D Val: 0x00000D18
In clock cycle: 85
Register Write to Reg: 0x1E Val: 0x0000001D
In clock cycle: 87
Register Write to Reg: 0x1E Val: 0x00000FF8
In clock cycle: 88
Register Write to Reg: 0x1F Val: 0x0000001E
In clock cycle: 90
Register Write to Reg: 0x1F Val: 0x00000FFC
In clock cycle: 91
Register Write to Reg: 0x01 Val: 0x0000001F
Execution is stopping! Clock Cycle: 93
