[inst #1] lui x1,65552
Register Write to Reg: 0x01 Val: 0x10010000
[inst #2] addi x2,x0,1
Register Write to Reg: 0x02 Val: 0x00000001
[inst #3] sw x2,0(x1)
Memory Write to Addr: 0x10010000 Val: 0x00000001
[inst #4] addi x2,x1,4
Register Write to Reg: 0x02 Val: 0x10010004
[inst #5] addi x3,x0,2
Register Write to Reg: 0x03 Val: 0x00000002
[inst #6] sw x3,0(x2)
Memory Write to Addr: 0x10010004 Val: 0x00000002
[inst #7] addi x3,x2,124
Register Write to Reg: 0x03 Val: 0x10010080
[inst #8] addi x4,x0,3
Register Write to Reg: 0x04 Val: 0x00000003
[inst #9] sw x4,0(x3)
Memory Write to Addr: 0x10010080 Val: 0x00000003
[inst #10] addi x4,x3,124
Register Write to Reg: 0x04 Val: 0x100100FC
[inst #11] addi x5,x0,4
Register Write to Reg: 0x05 Val: 0x00000004
[inst #12] sw x5,0(x4)
Memory Write to Addr: 0x100100FC Val: 0x00000004
[inst #13] addi x5,x4,124
Register Write to Reg: 0x05 Val: 0x10010178
[inst #14] addi x6,x0,5
Register Write to Reg: 0x06 Val: 0x00000005
[inst #15] sw x6,0(x5)
Memory Write to Addr: 0x10010178 Val: 0x00000005
[inst #16] addi x6,x5,124
Register Write to Reg: 0x06 Val: 0x100101F4
[inst #17] addi x7,x0,6
Register Write to Reg: 0x07 Val: 0x00000006
[inst #18] sw x7,0(x6)
Memory Write to Addr: 0x100101F4 Val: 0x00000006
[inst #19] addi x7,x6,124
Register Write to Reg: 0x07 Val: 0x10010270
[inst #20] addi x8,x0,7
Register Write to Reg: 0x08 Val: 0x00000007
[inst #21] sw x8,0(x7)
Memory Write to Addr: 0x10010270 Val: 0x00000007
[inst #22] addi x8,x7,124
Register Write to Reg: 0x08 Val: 0x100102EC
[inst #23] addi x9,x0,8
Register Write to Reg: 0x09 Val: 0x00000008
[inst #24] sw x9,0(x8)
Memory Write to Addr: 0x100102EC Val: 0x00000008
[inst #25] addi x9,x8,124
Register Write to Reg: 0x09 Val: 0x10010368
[inst #26] addi x10,x0,9
Register Write to Reg: 0x0A Val: 0x00000009
[inst #27] sw x10,0(x9)
Memory Write to Addr: 0x10010368 Val: 0x00000009
[inst #28] addi x10,x9,124
Register Write to Reg: 0x0A Val: 0x100103E4
[inst #29] addi x11,x0,10
Register Write to Reg: 0x0B Val: 0x0000000A
[inst #30] sw x11,0(x10)
Memory Write to Addr: 0x100103E4 Val: 0x0000000A
[inst #31] addi x11,x10,124
Register Write to Reg: 0x0B Val: 0x10010460
[inst #32] addi x12,x0,11
Register Write to Reg: 0x0C Val: 0x0000000B
[inst #33] sw x12,0(x11)
Memory Write to Addr: 0x10010460 Val: 0x0000000B
[inst #34] addi x12,x11,124
Register Write to Reg: 0x0C Val: 0x100104DC
[inst #35] addi x13,x0,12
Register Write to Reg: 0x0D Val: 0x0000000C
[inst #36] sw x13,0(x12)
Memory Write to Addr: 0x100104DC Val: 0x0000000C
[inst #37] addi x13,x12,124
Register Write to Reg: 0x0D Val: 0x10010558
[inst #38] addi x14,x0,13
Register Write to Reg: 0x0E Val: 0x0000000D
[inst #39] sw x14,0(x13)
Memory Write to Addr: 0x10010558 Val: 0x0000000D
[inst #40] addi x14,x13,124
Register Write to Reg: 0x0E Val: 0x100105D4
[inst #41] addi x15,x0,14
Register Write to Reg: 0x0F Val: 0x0000000E
[inst #42] sw x15,0(x14)
Memory Write to Addr: 0x100105D4 Val: 0x0000000E
[inst #43] addi x15,x14,124
Register Write to Reg: 0x0F Val: 0x10010650
[inst #44] addi x16,x0,15
Register Write to Reg: 0x10 Val: 0x0000000F
[inst #45] sw x16,0(x15)
Memory Write to Addr: 0x10010650 Val: 0x0000000F
[inst #46] addi x16,x15,124
Register Write to Reg: 0x10 Val: 0x100106CC
[inst #47] addi x17,x0,16
Register Write to Reg: 0x11 Val: 0x00000010
[inst #48] sw x17,0(x16)
Memory Write to Addr: 0x100106CC Val: 0x00000010
[inst #49] addi x17,x16,124
Register Write to Reg: 0x11 Val: 0x10010748
[inst #50] addi x18,x0,17
Register Write to Reg: 0x12 Val: 0x00000011
[inst #51] sw x18,0(x17)
Memory Write to Addr: 0x10010748 Val: 0x00000011
[inst #52] addi x18,x17,124
Register Write to Reg: 0x12 Val: 0x100107C4
[inst #53] addi x19,x0,18
Register Write to Reg: 0x13 Val: 0x00000012
[inst #54] sw x19,0(x18)
Memory Write to Addr: 0x100107C4 Val: 0x00000012
[inst #55] addi x19,x18,124
Register Write to Reg: 0x13 Val: 0x10010840
[inst #56] addi x20,x0,19
Register Write to Reg: 0x14 Val: 0x00000013
[inst #57] sw x20,0(x19)
Memory Write to Addr: 0x10010840 Val: 0x00000013
[inst #58] addi x20,x19,124
Register Write to Reg: 0x14 Val: 0x100108BC
[inst #59] addi x21,x0,20
Register Write to Reg: 0x15 Val: 0x00000014
[inst #60] sw x21,0(x20)
Memory Write to Addr: 0x100108BC Val: 0x00000014
[inst #61] addi x21,x20,124
Register Write to Reg: 0x15 Val: 0x10010938
[inst #62] addi x22,x0,21
Register Write to Reg: 0x16 Val: 0x00000015
[inst #63] sw x22,0(x21)
Memory Write to Addr: 0x10010938 Val: 0x00000015
[inst #64] addi x22,x21,124
Register Write to Reg: 0x16 Val: 0x100109B4
[inst #65] addi x23,x0,22
Register Write to Reg: 0x17 Val: 0x00000016
[inst #66] sw x23,0(x22)
Memory Write to Addr: 0x100109B4 Val: 0x00000016
[inst #67] addi x23,x22,124
Register Write to Reg: 0x17 Val: 0x10010A30
[inst #68] addi x24,x0,23
Register Write to Reg: 0x18 Val: 0x00000017
[inst #69] sw x24,0(x23)
Memory Write to Addr: 0x10010A30 Val: 0x00000017
[inst #70] addi x24,x23,124
Register Write to Reg: 0x18 Val: 0x10010AAC
[inst #71] addi x25,x0,24
Register Write to Reg: 0x19 Val: 0x00000018
[inst #72] sw x25,0(x24)
Memory Write to Addr: 0x10010AAC Val: 0x00000018
[inst #73] addi x25,x24,124
Register Write to Reg: 0x19 Val: 0x10010B28
[inst #74] addi x26,x0,25
Register Write to Reg: 0x1A Val: 0x00000019
[inst #75] sw x26,0(x25)
Memory Write to Addr: 0x10010B28 Val: 0x00000019
[inst #76] addi x26,x25,124
Register Write to Reg: 0x1A Val: 0x10010BA4
[inst #77] addi x27,x0,26
Register Write to Reg: 0x1B Val: 0x0000001A
[inst #78] sw x27,0(x26)
Memory Write to Addr: 0x10010BA4 Val: 0x0000001A
[inst #79] addi x27,x26,124
Register Write to Reg: 0x1B Val: 0x10010C20
[inst #80] addi x28,x0,27
Register Write to Reg: 0x1C Val: 0x0000001B
[inst #81] sw x28,0(x27)
Memory Write to Addr: 0x10010C20 Val: 0x0000001B
[inst #82] addi x28,x27,124
Register Write to Reg: 0x1C Val: 0x10010C9C
[inst #83] addi x29,x0,28
Register Write to Reg: 0x1D Val: 0x0000001C
[inst #84] sw x29,0(x28)
Memory Write to Addr: 0x10010C9C Val: 0x0000001C
[inst #85] addi x29,x28,124
Register Write to Reg: 0x1D Val: 0x10010D18
[inst #86] addi x30,x0,29
Register Write to Reg: 0x1E Val: 0x0000001D
[inst #87] sw x30,0(x29)
Memory Write to Addr: 0x10010D18 Val: 0x0000001D
[inst #88] addi x30,x29,736
Register Write to Reg: 0x1E Val: 0x10010FF8
[inst #89] addi x31,x0,30
Register Write to Reg: 0x1F Val: 0x0000001E
[inst #90] sw x31,0(x30)
Memory Write to Addr: 0x10010FF8 Val: 0x0000001E
[inst #91] addi x31,x30,4
Register Write to Reg: 0x1F Val: 0x10010FFC
[inst #92] addi x1,x0,31
Register Write to Reg: 0x01 Val: 0x0000001F
[inst #93] sw x1,0(x31)
Memory Write to Addr: 0x10010FFC Val: 0x0000001F
[inst #94] wfi 

Program terminated by dropping off the bottom.
