[inst #1] addi x1,x0,4
Register Write to Reg: 0x01 Val: 0x00000004
[inst #2] addi x2,x0,4
Register Write to Reg: 0x02 Val: 0x00000004
[inst #3] addi x3,x0,7
Register Write to Reg: 0x03 Val: 0x00000007
[inst #4] addi x4,x0,10
Register Write to Reg: 0x04 Val: 0x0000000A
[inst #5] addi x6,x0,11
Register Write to Reg: 0x06 Val: 0x0000000B
[inst #6] addi x7,x0,11
Register Write to Reg: 0x07 Val: 0x0000000B
[inst #7] beq x1,x2,8
[inst #8] beq x1,x3,8
[inst #9] addi x5,x0,10
Register Write to Reg: 0x05 Val: 0x0000000A
[inst #10] beq x4,x5,8
[inst #11] beq x6,x7,8
[inst #12] wfi 

Program terminated by dropping off the bottom.
